Z:\Windows.Documents\Desktop\git\Olympus\Debug\Olympus.pdb
Z:\WINDOWS.DOCUMENTS\DESKTOP\GIT\OLYMPUS\OLYMPUS\DEBUG\APEX.OBJ
Z:\WINDOWS.DOCUMENTS\DESKTOP\GIT\OLYMPUS\OLYMPUS\DEBUG\APEXPARTICLES.OBJ
Z:\WINDOWS.DOCUMENTS\DESKTOP\GIT\OLYMPUS\OLYMPUS\DEBUG\CAMERA.OBJ
Z:\Windows.Documents\Desktop\git\Olympus\Olympus\Debug\cl.command.1.tlog
Z:\Windows.Documents\Desktop\git\Olympus\Olympus\Debug\CL.read.1.tlog
Z:\Windows.Documents\Desktop\git\Olympus\Olympus\Debug\CL.write.1.tlog
Z:\WINDOWS.DOCUMENTS\DESKTOP\GIT\OLYMPUS\OLYMPUS\DEBUG\FONTSHEET.OBJ
Z:\WINDOWS.DOCUMENTS\DESKTOP\GIT\OLYMPUS\OLYMPUS\DEBUG\GAMETIMER.OBJ
Z:\WINDOWS.DOCUMENTS\DESKTOP\GIT\OLYMPUS\OLYMPUS\DEBUG\GEOMETRYGENERATOR.OBJ
Z:\WINDOWS.DOCUMENTS\DESKTOP\GIT\OLYMPUS\OLYMPUS\DEBUG\GROUNDPLANE.OBJ
Z:\WINDOWS.DOCUMENTS\DESKTOP\GIT\OLYMPUS\OLYMPUS\DEBUG\HEIGHTFIELD.OBJ
Z:\WINDOWS.DOCUMENTS\DESKTOP\GIT\OLYMPUS\OLYMPUS\DEBUG\IMPORTER.OBJ
Z:\Windows.Documents\Desktop\git\Olympus\Olympus\Debug\link.command.1.tlog
Z:\Windows.Documents\Desktop\git\Olympus\Olympus\Debug\link.read.1.tlog
Z:\Windows.Documents\Desktop\git\Olympus\Olympus\Debug\link.write.1.tlog
Z:\Windows.Documents\Desktop\git\Olympus\Olympus\Debug\link-cvtres.read.1.tlog
Z:\Windows.Documents\Desktop\git\Olympus\Olympus\Debug\link-cvtres.write.1.tlog
Z:\WINDOWS.DOCUMENTS\DESKTOP\GIT\OLYMPUS\OLYMPUS\DEBUG\MAIN.OBJ
Z:\WINDOWS.DOCUMENTS\DESKTOP\GIT\OLYMPUS\OLYMPUS\DEBUG\MATHHELPER.OBJ
Z:\WINDOWS.DOCUMENTS\DESKTOP\GIT\OLYMPUS\OLYMPUS\DEBUG\OBJECT.OBJ
Z:\Windows.Documents\Desktop\git\Olympus\Olympus\Debug\Olympus.exe.intermediate.manifest
Z:\Windows.Documents\Desktop\git\Olympus\Olympus\Debug\Olympus.write.1.tlog
Z:\WINDOWS.DOCUMENTS\DESKTOP\GIT\OLYMPUS\OLYMPUS\DEBUG\ONSCREEN.OBJ
Z:\WINDOWS.DOCUMENTS\DESKTOP\GIT\OLYMPUS\OLYMPUS\DEBUG\PHYSXHEIGHTFIELD.OBJ
Z:\Windows.Documents\Desktop\git\Olympus\Olympus\Debug\rc.command.1.tlog
Z:\Windows.Documents\Desktop\git\Olympus\Olympus\Debug\rc.read.1.tlog
Z:\Windows.Documents\Desktop\git\Olympus\Olympus\Debug\rc.write.1.tlog
Z:\WINDOWS.DOCUMENTS\DESKTOP\GIT\OLYMPUS\OLYMPUS\DEBUG\RENDERMANAGER.OBJ
Z:\WINDOWS.DOCUMENTS\DESKTOP\GIT\OLYMPUS\OLYMPUS\DEBUG\SCREENQUAD.OBJ
Z:\WINDOWS.DOCUMENTS\DESKTOP\GIT\OLYMPUS\OLYMPUS\DEBUG\SKYBOX.OBJ
Z:\WINDOWS.DOCUMENTS\DESKTOP\GIT\OLYMPUS\OLYMPUS\DEBUG\SYSTEM.OBJ
Z:\Windows.Documents\Desktop\git\Olympus\Olympus\Debug\vc100.idb
Z:\WINDOWS.DOCUMENTS\DESKTOP\GIT\OLYMPUS\OLYMPUS\DEBUG\VC100.PDB
Z:\Windows.Documents\Desktop\git\Olympus\Olympus\Debug\ZeusIcon.res
Z:\WINDOWS.DOCUMENTS\DESKTOP\GIT\OLYMPUS\OLYMPUS\DEBUG\ZEUSRENDERRESOURCEMANAGER.OBJ
Z:\WINDOWS.DOCUMENTS\DESKTOP\GIT\OLYMPUS\OLYMPUS\DEBUG\ZEUSRENDERRESOURCES.OBJ
Z:\WINDOWS.DOCUMENTS\DESKTOP\GIT\OLYMPUS\OLYMPUS\DEBUG\ZEUSRESOURCECALLBACK.OBJ
